1612669951747	geckodriver	INFO	Listening on 127.0.0.1:54001
1612669955358	mozrunner::runner	INFO	Running command: "C:\\Program Files\\Mozilla Firefox\\firefox.exe" "--marionette" "-foreground" "-no-remote" "-profile" "C:\\Users\\LENOVO\\AppData\\Local\\Temp\\rust_mozprofilex25vs9"
1612670000927	geckodriver	INFO	Listening on 127.0.0.1:54061
1612670004066	mozrunner::runner	INFO	Running command: "C:\\Program Files\\Mozilla Firefox\\firefox.exe" "--marionette" "-foreground" "-no-remote" "-profile" "C:\\Users\\LENOVO\\AppData\\Local\\Temp\\rust_mozprofilexypBLz"
console.warn: SearchSettings: "get: No settings file exists, new profile?" (new Error("", "(unknown module)"))
1612670006349	Marionette	INFO	Listening on port 54071
console.warn: SearchSettings: "get: No settings file exists, new profile?" (new Error("", "(unknown module)"))
1612670006781	Marionette	WARN	TLS certificate errors will be ignored for this session
1612670006790	Marionette	ERROR	[18] No reply from Marionette:Register
1612670034753	Marionette	INFO	Stopped listening on port 54071

###!!! [Child][RunMessage] Error: Channel closing: too late to send/recv, messages will be lost

1612670056894	geckodriver	INFO	Listening on 127.0.0.1:54164
1612670059996	mozrunner::runner	INFO	Running command: "C:\\Program Files\\Mozilla Firefox\\firefox.exe" "--marionette" "-foreground" "-no-remote" "-profile" "C:\\Users\\LENOVO\\AppData\\Local\\Temp\\rust_mozprofileCICFNK"
console.warn: SearchSettings: "get: No settings file exists, new profile?" (new Error("", "(unknown module)"))
1612670062128	Marionette	INFO	Listening on port 54173
1612670062209	Marionette	WARN	TLS certificate errors will be ignored for this session
1612670062228	Marionette	ERROR	[18] No reply from Marionette:Register
console.warn: SearchSettings: "get: No settings file exists, new profile?" (new Error("", "(unknown module)"))
1612670084429	Marionette	INFO	Stopped listening on port 54173

###!!! [Child][RunMessage] Error: Channel closing: too late to send/recv, messages will be lost

1612670896920	geckodriver	INFO	Listening on 127.0.0.1:54606
1612670900043	mozrunner::runner	INFO	Running command: "C:\\Program Files\\Mozilla Firefox\\firefox.exe" "--marionette" "-foreground" "-no-remote" "-profile" "C:\\Users\\LENOVO\\AppData\\Local\\Temp\\rust_mozprofiletfsDqw"
console.warn: SearchSettings: "get: No settings file exists, new profile?" (new Error("", "(unknown module)"))
1612670902164	Marionette	INFO	Listening on port 54614
1612670902242	Marionette	WARN	TLS certificate errors will be ignored for this session
1612670902264	Marionette	ERROR	[18] No reply from Marionette:Register
console.warn: SearchSettings: "get: No settings file exists, new profile?" (new Error("", "(unknown module)"))
1612670926622	Marionette	INFO	Stopped listening on port 54614

###!!! [Child][RunMessage] Error: Channel closing: too late to send/recv, messages will be lost

1612670936696	geckodriver	INFO	Listening on 127.0.0.1:54710
1612670939795	mozrunner::runner	INFO	Running command: "C:\\Program Files\\Mozilla Firefox\\firefox.exe" "--marionette" "-foreground" "-no-remote" "-profile" "C:\\Users\\LENOVO\\AppData\\Local\\Temp\\rust_mozprofilemeZ3Mm"
console.warn: SearchSettings: "get: No settings file exists, new profile?" (new Error("", "(unknown module)"))
1612670941776	Marionette	INFO	Listening on port 54718
1612670941871	Marionette	WARN	TLS certificate errors will be ignored for this session
1612670941887	Marionette	ERROR	[18] No reply from Marionette:Register
[Parent 14304, IPC I/O Parent] WARNING: file /builds/worker/checkouts/gecko/ipc/chromium/src/base/process_util_win.cc:167
console.warn: SearchSettings: "get: No settings file exists, new profile?" (new Error("", "(unknown module)"))
1612670963459	Marionette	INFO	Stopped listening on port 54718

###!!! [Child][RunMessage] Error: Channel closing: too late to send/recv, messages will be lost

1612671224971	geckodriver	INFO	Listening on 127.0.0.1:54984
1612671228036	mozrunner::runner	INFO	Running command: "C:\\Program Files\\Mozilla Firefox\\firefox.exe" "--marionette" "-foreground" "-no-remote" "-profile" "C:\\Users\\LENOVO\\AppData\\Local\\Temp\\rust_mozprofilevpgGLa"
console.warn: SearchSettings: "get: No settings file exists, new profile?" (new Error("", "(unknown module)"))
1612671230052	Marionette	INFO	Listening on port 54992
1612671230121	Marionette	WARN	TLS certificate errors will be ignored for this session
1612671230131	Marionette	ERROR	[18] No reply from Marionette:Register
console.warn: SearchSettings: "get: No settings file exists, new profile?" (new Error("", "(unknown module)"))
1612671262417	Marionette	INFO	Stopped listening on port 54992

###!!! [Child][RunMessage] Error: Channel closing: too late to send/recv, messages will be lost

1612671779316	geckodriver	INFO	Listening on 127.0.0.1:55253
1612671782395	mozrunner::runner	INFO	Running command: "C:\\Program Files\\Mozilla Firefox\\firefox.exe" "--marionette" "-foreground" "-no-remote" "-profile" "C:\\Users\\LENOVO\\AppData\\Local\\Temp\\rust_mozprofileAmhSNS"
console.warn: SearchSettings: "get: No settings file exists, new profile?" (new Error("", "(unknown module)"))
1612671784426	Marionette	INFO	Listening on port 55261
1612671784526	Marionette	WARN	TLS certificate errors will be ignored for this session
1612671784533	Marionette	ERROR	[15] No reply from Marionette:Register
console.warn: SearchSettings: "get: No settings file exists, new profile?" (new Error("", "(unknown module)"))
1612671802764	Marionette	INFO	Stopped listening on port 55261

###!!! [Child][RunMessage] Error: Channel closing: too late to send/recv, messages will be lost

1612671863697	geckodriver	INFO	Listening on 127.0.0.1:55308
1612671866784	mozrunner::runner	INFO	Running command: "C:\\Program Files\\Mozilla Firefox\\firefox.exe" "--marionette" "-foreground" "-no-remote" "-profile" "C:\\Users\\LENOVO\\AppData\\Local\\Temp\\rust_mozprofilek8Rh41"
console.warn: SearchSettings: "get: No settings file exists, new profile?" (new Error("", "(unknown module)"))
1612671868753	Marionette	INFO	Listening on port 55317
1612671868837	Marionette	WARN	TLS certificate errors will be ignored for this session
1612671868851	Marionette	ERROR	[18] No reply from Marionette:Register
console.warn: SearchSettings: "get: No settings file exists, new profile?" (new Error("", "(unknown module)"))
1612671945111	Marionette	INFO	Stopped listening on port 55317

###!!! [Child][RunMessage] Error: Channel closing: too late to send/recv, messages will be lost

"--marionette" "-foreground" "-no-remote" "-profile" "C:\\Users\\LENOVO\\AppData\\Local\\Temp\\rust_mozprofile8OkAWS"
console.warn: SearchSettings: "get: No settings file exists, new profile?" (new Error("", "(unknown module)"))
1612671929361	Marionette	INFO	Listening on port 55375
1612671929487	Marionette	WARN	TLS certificate errors will be ignored for this session
1612671929495	Marionette	ERROR	[18] No reply from Marionette:Register
console.warn: SearchSettings: "get: No settings file exists, new profile?" (new Error("", "(unknown module)"))
1612671944014	Marionette	INFO	Stopped listening on port 55375

###!!! [Child][RunMessage] Error: Channel closing: too late to send/recv, messages will be lost

1612671947167	geckodriver	INFO	Listening on 127.0.0.1:55419
1612671950251	mozrunner::runner	INFO	Running command: "C:\\Program Files\\Mozilla Firefox\\firefox.exe" "--marionette" "-foreground" "-no-remote" "-profile" "C:\\Users\\LENOVO\\AppData\\Local\\Temp\\rust_mozprofileCwhx1O"
console.warn: SearchSettings: "get: No settings file exists, new profile?" (new Error("", "(unknown module)"))
1612671952193	Marionette	INFO	Listening on port 55427
1612671952303	Marionette	WARN	TLS certificate errors will be ignored for this session
1612671952313	Marionette	ERROR	[15] No reply from Marionette:Register
console.warn: SearchSettings: "get: No settings file exists, new profile?" (new Error("", "(unknown module)"))
1612671979161	Marionette	ERROR	[35] No reply from Marionette:Register
1612672217970	Marionette	INFO	Stopped listening on port 55427

###!!! [Child][RunMessage] Error: Channel closing: too late to send/recv, messages will be lost

"--marionette" "-foreground" "-no-remote" "-profile" "C:\\Users\\LENOVO\\AppData\\Local\\Temp\\rust_mozprofileFSmdJV"
console.warn: SearchSettings: "get: No settings file exists, new profile?" (new Error("", "(unknown module)"))
1612672204359	Marionette	INFO	Listening on port 55644
1612672204420	Marionette	WARN	TLS certificate errors will be ignored for this session
1612672204433	Marionette	ERROR	[15] No reply from Marionette:Register
console.warn: SearchSettings: "get: No settings file exists, new profile?" (new Error("", "(unknown module)"))
JavaScript error: resource:///actors/ContentMetaChild.jsm, line 179: InvalidStateError: JSWindowActorChild.sendAsyncMessage: JSWindowActorChild cannot send at the moment
1612672215105	Marionette	INFO	Stopped listening on port 55644

###!!! [Child][RunMessage] Error: Channel closing: too late to send/recv, messages will be lost

1612676269072	geckodriver	INFO	Listening on 127.0.0.1:59339
1612676272210	mozrunner::runner	INFO	Running command: "C:\\Program Files\\Mozilla Firefox\\firefox.exe" "--marionette" "-foreground" "-no-remote" "-profile" "C:\\Users\\LENOVO\\AppData\\Local\\Temp\\rust_mozprofileBnCxk4"
console.warn: SearchSettings: "get: No settings file exists, new profile?" (new Error("", "(unknown module)"))
1612676274744	Marionette	INFO	Listening on port 59350
1612676274877	Marionette	WARN	TLS certificate errors will be ignored for this session
1612676274914	Marionette	ERROR	[18] No reply from Marionette:Register
console.warn: SearchSettings: "get: No settings file exists, new profile?" (new Error("", "(unknown module)"))
JavaScript error: resource://gre/actors/AutoCompleteChild.jsm, line 125: Error: Invalid autocomplete selectedIndex
JavaScript error: resource://gre/actors/AutoCompleteChild.jsm, line 125: Error: Invalid autocomplete selectedIndex
JavaScript error: resource://gre/modules/LoginManagerChild.jsm, line 190: NS_ERROR_XPC_JAVASCRIPT_ERROR_WITH_DETAILS: [JavaScript Error: "Invalid autocomplete selectedIndex" {file: "resource://gre/actors/AutoCompleteChild.jsm" line: 125}]'[JavaScript Error: "Invalid autocomplete selectedIndex" {file: "resource://gre/actors/AutoCompleteChild.jsm" line: 125}]' when calling method: [nsIAutoCompletePopup::selectedIndex]
1612677356423	Marionette	INFO	Stopped listening on port 59350

###!!! [Child][RunMessage] Error: Channel closing: too late to send/recv, messages will be lost

"--marionette" "-foreground" "-no-remote" "-profile" "C:\\Users\\LENOVO\\AppData\\Local\\Temp\\rust_mozprofileO5F7GX"
console.warn: SearchSettings: "get: No settings file exists, new profile?" (new Error("", "(unknown module)"))
1612677301394	Marionette	INFO	Listening on port 60310
console.warn: SearchSettings: "get: No settings file exists, new profile?" (new Error("", "(unknown module)"))
1612677301707	Marionette	WARN	TLS certificate errors will be ignored for this session
1612677301714	Marionette	ERROR	[18] No reply from Marionette:Register
JavaScript error: resource://gre/actors/AutoCompleteChild.jsm, line 125: Error: Invalid autocomplete selectedIndex
JavaScript error: resource://gre/actors/AutoCompleteChild.jsm, line 125: Error: Invalid autocomplete selectedIndex
JavaScript error: resource://gre/modules/LoginManagerChild.jsm, line 190: NS_ERROR_XPC_JAVASCRIPT_ERROR_WITH_DETAILS: [JavaScript Error: "Invalid autocomplete selectedIndex" {file: "resource://gre/actors/AutoCompleteChild.jsm" line: 125}]'[JavaScript Error: "Invalid autocomplete selectedIndex" {file: "resource://gre/actors/AutoCompleteChild.jsm" line: 125}]' when calling method: [nsIAutoCompletePopup::selectedIndex]
1612677353735	Marionette	INFO	Stopped listening on port 60310

###!!! [Child][RunMessage] Error: Channel closing: too late to send/recv, messages will be lost

1612677802288	geckodriver	INFO	Listening on 127.0.0.1:53205
1612677805386	mozrunner::runner	INFO	Running command: "C:\\Program Files\\Mozilla Firefox\\firefox.exe" "--marionette" "-foreground" "-no-remote" "-profile" "C:\\Users\\LENOVO\\AppData\\Local\\Temp\\rust_mozprofilepckq2L"
console.warn: SearchSettings: "get: No settings file exists, new profile?" (new Error("", "(unknown module)"))
1612677807409	Marionette	INFO	Listening on port 53215
1612677807441	Marionette	WARN	TLS certificate errors will be ignored for this session
1612677807452	Marionette	ERROR	[18] No reply from Marionette:Register
console.warn: SearchSettings: "get: No settings file exists, new profile?" (new Error("", "(unknown module)"))
JavaScript error: resource://gre/actors/AutoCompleteChild.jsm, line 125: Error: Invalid autocomplete selectedIndex
JavaScript error: resource://gre/actors/AutoCompleteChild.jsm, line 125: Error: Invalid autocomplete selectedIndex
JavaScript error: resource://gre/modules/LoginManagerChild.jsm, line 190: NS_ERROR_XPC_JAVASCRIPT_ERROR_WITH_DETAILS: [JavaScript Error: "Invalid autocomplete selectedIndex" {file: "resource://gre/actors/AutoCompleteChild.jsm" line: 125}]'[JavaScript Error: "Invalid autocomplete selectedIndex" {file: "resource://gre/actors/AutoCompleteChild.jsm" line: 125}]' when calling method: [nsIAutoCompletePopup::selectedIndex]
1612677857546	Marionette	INFO	Stopped listening on port 53215

###!!! [Child][RunMessage] Error: Channel closing: too late to send/recv, messages will be lost

1612716949208	geckodriver	INFO	Listening on 127.0.0.1:52343
1612716952129	mozrunner::runner	INFO	Running command: "C:\\Program Files\\Mozilla Firefox\\firefox.exe" "--marionette" "-foreground" "-no-remote" "-profile" "C:\\Users\\LENOVO\\AppData\\Local\\Temp\\rust_mozprofilev9V0wS"
console.warn: SearchSettings: "get: No settings file exists, new profile?" (new Error("", "(unknown module)"))
1612716955904	Marionette	INFO	Listening on port 52353
console.warn: SearchSettings: "get: No settings file exists, new profile?" (new Error("", "(unknown module)"))
1612716956366	Marionette	WARN	TLS certificate errors will be ignored for this session
1612716956375	Marionette	ERROR	[15] No reply from Marionette:Register
1612716969752	Marionette	INFO	Stopped listening on port 52353

###!!! [Child][RunMessage] Error: Channel closing: too late to send/recv, messages will be lost

1612747885208	geckodriver	INFO	Listening on 127.0.0.1:56697
1612747888281	mozrunner::runner	INFO	Running command: "C:\\Program Files\\Mozilla Firefox\\firefox.exe" "--marionette" "-foreground" "-no-remote" "-profile" "C:\\Users\\LENOVO\\AppData\\Local\\Temp\\rust_mozprofilex6RZ0N"
console.warn: SearchSettings: "get: No settings file exists, new profile?" (new Error("", "(unknown module)"))
1612747893134	Marionette	INFO	Listening on port 56706
console.warn: SearchSettings: "get: No settings file exists, new profile?" (new Error("", "(unknown module)"))
1612747893651	Marionette	WARN	TLS certificate errors will be ignored for this session
1612747893660	Marionette	ERROR	[18] No reply from Marionette:Register
1612747926694	Marionette	INFO	Stopped listening on port 56706

###!!! [Child][RunMessage] Error: Channel closing: too late to send/recv, messages will be lost

1612797993936	geckodriver	INFO	Listening on 127.0.0.1:52522
1612797997100	mozrunner::runner	INFO	Running command: "C:\\Program Files\\Mozilla Firefox\\firefox.exe" "--marionette" "-foreground" "-no-remote" "-profile" "C:\\Users\\LENOVO\\AppData\\Local\\Temp\\rust_mozprofile2QQRfb"
console.warn: SearchSettings: "get: No settings file exists, new profile?" (new Error("", "(unknown module)"))
1612797999185	Marionette	INFO	Listening on port 52530
1612797999285	Marionette	WARN	TLS certificate errors will be ignored for this session
1612797999293	Marionette	ERROR	[15] No reply from Marionette:Register
JavaScript error: resource://gre/actors/AutoCompleteChild.jsm, line 125: Error: Invalid autocomplete selectedIndex
JavaScript error: resource://gre/actors/AutoCompleteChild.jsm, line 125: Error: Invalid autocomplete selectedIndex
JavaScript error: resource://gre/modules/LoginManagerChild.jsm, line 190: NS_ERROR_XPC_JAVASCRIPT_ERROR_WITH_DETAILS: [JavaScript Error: "Invalid autocomplete selectedIndex" {file: "resource://gre/actors/AutoCompleteChild.jsm" line: 125}]'[JavaScript Error: "Invalid autocomplete selectedIndex" {file: "resource://gre/actors/AutoCompleteChild.jsm" line: 125}]' when calling method: [nsIAutoCompletePopup::selectedIndex]
console.error: Region.jsm: "Error fetching region" (new Error("TIMEOUT", "resource://gre/modules/Region.jsm", 775))
console.error: Region.jsm: "Failed to fetch region" (new Error("TIMEOUT", "resource://gre/modules/Region.jsm", 422))
JavaScript error: resource://activity-stream/lib/ASRouter.jsm, line 987: NS_ERROR_ILLEGAL_VALUE: Component returned failure code: 0x80070057 (NS_ERROR_ILLEGAL_VALUE) [nsIObserverService.removeObserver]
[Parent 5164, IPC I/O Parent] WARNING: file /builds/worker/checkouts/gecko/ipc/chromium/src/base/process_util_win.cc:167
1612798006796	Marionette	INFO	Stopped listening on port 52530

###!!! [Child][RunMessage] Error: Channel closing: too late to send/recv, messages will be lost

1612798049432	geckodriver	INFO	Listening on 127.0.0.1:52572
1612798052532	mozrunner::runner	INFO	Running command: "C:\\Program Files\\Mozilla Firefox\\firefox.exe" "--marionette" "-foreground" "-no-remote" "-profile" "C:\\Users\\LENOVO\\AppData\\Local\\Temp\\rust_mozprofileZHxJfj"
console.warn: SearchSettings: "get: No settings file exists, new profile?" (new Error("", "(unknown module)"))
1612798055132	Marionette	INFO	Listening on port 52580
1612798055222	Marionette	WARN	TLS certificate errors will be ignored for this session
1612798055235	Marionette	ERROR	[18] No reply from Marionette:Register
console.error: Region.jsm: "Error fetching region" (new Error("TIMEOUT", "resource://gre/modules/Region.jsm", 775))
console.error: Region.jsm: "Failed to fetch region" (new Error("TIMEOUT", "resource://gre/modules/Region.jsm", 422))
1612798099242	Marionette	INFO	Stopped listening on port 52580

###!!! [Child][RunMessage] Error: Channel closing: too late to send/recv, messages will be lost

1612798518364	geckodriver	INFO	Listening on 127.0.0.1:52807
1612798521435	mozrunner::runner	INFO	Running command: "C:\\Program Files\\Mozilla Firefox\\firefox.exe" "--marionette" "-foreground" "-no-remote" "-profile" "C:\\Users\\LENOVO\\AppData\\Local\\Temp\\rust_mozprofileniMB5I"
console.warn: SearchSettings: "get: No settings file exists, new profile?" (new Error("", "(unknown module)"))
1612798523776	Marionette	INFO	Listening on port 52816
1612798524093	Marionette	WARN	TLS certificate errors will be ignored for this session
1612798524108	Marionette	ERROR	[15] No reply from Marionette:Register
console.warn: SearchSettings: "get: No settings file exists, new profile?" (new Error("", "(unknown module)"))
1612798580185	Marionette	INFO	Stopped listening on port 52816

###!!! [Child][RunMessage] Error: Channel closing: too late to send/recv, messages will be lost

"--marionette" "-foreground" "-no-remote" "-profile" "C:\\Users\\LENOVO\\AppData\\Local\\Temp\\rust_mozprofileS8l0V3"
console.warn: SearchSettings: "get: No settings file exists, new profile?" (new Error("", "(unknown module)"))
1612798582049	Marionette	INFO	Listening on port 52944
1612798582105	Marionette	WARN	TLS certificate errors will be ignored for this session
1612798582115	Marionette	ERROR	[18] No reply from Marionette:Register
console.error: Region.jsm: "Error fetching region" (new Error("TIMEOUT", "resource://gre/modules/Region.jsm", 775))
console.error: Region.jsm: "Failed to fetch region" (new Error("TIMEOUT", "resource://gre/modules/Region.jsm", 422))
1612798931544	Marionette	INFO	Stopped listening on port 52944

###!!! [Child][RunMessage] Error: Channel closing: too late to send/recv, messages will be lost

